2025-07-09 14:43:47,301 ERROR Form data requires "python-multipart" to be installed. 
You can install "python-multipart" with: 

pip install python-multipart

2025-07-09 14:46:43,154 DEBUG cmd: where.exe tbb.dll
cwd: None
2025-07-09 14:46:43,538 DEBUG Adding TBB (c:\Users\hp\OneDrive\Desktop\Sakthi_01\.venv\lib\site-packages\prophet\stan_model\cmdstan-2.33.1\stan\lib\stan_math\lib\tbb) to PATH
2025-07-09 14:46:43,559 INFO Disabling daily seasonality. Run prophet with daily_seasonality=True to override this.
2025-07-09 14:46:43,611 DEBUG input tempfile: C:\Users\hp\AppData\Local\Temp\tmpg4y10c9g\0xn0n7qg.json
2025-07-09 14:46:44,456 DEBUG input tempfile: C:\Users\hp\AppData\Local\Temp\tmpg4y10c9g\rl7rs_1n.json
2025-07-09 14:46:44,475 DEBUG idx 0
2025-07-09 14:46:44,476 DEBUG running CmdStan, num_threads: None
2025-07-09 14:46:44,476 DEBUG CmdStan args: ['C:\\Users\\hp\\OneDrive\\Desktop\\Sakthi_01\\.venv\\Lib\\site-packages\\prophet\\stan_model\\prophet_model.bin', 'random', 'seed=10646', 'data', 'file=C:\\Users\\hp\\AppData\\Local\\Temp\\tmpg4y10c9g\\0xn0n7qg.json', 'init=C:\\Users\\hp\\AppData\\Local\\Temp\\tmpg4y10c9g\\rl7rs_1n.json', 'output', 'file=C:\\Users\\hp\\AppData\\Local\\Temp\\tmpg4y10c9g\\prophet_modelu0_e9d9t\\prophet_model-20250709144644.csv', 'method=optimize', 'algorithm=lbfgs', 'iter=10000']
2025-07-09 14:46:44,476 INFO Chain [1] start processing
2025-07-09 14:46:46,161 INFO Chain [1] done processing
2025-07-09 14:46:46,190 INFO Trained model 'model_b2bc5836' from CSV with 10000 rows.
2025-07-11 12:07:55,616 DEBUG cmd: where.exe tbb.dll
cwd: None
2025-07-11 12:07:55,793 DEBUG Adding TBB (c:\Users\hp\OneDrive\Desktop\Sakthi_01\.venv\lib\site-packages\prophet\stan_model\cmdstan-2.33.1\stan\lib\stan_math\lib\tbb) to PATH
2025-07-11 12:07:55,817 INFO Disabling daily seasonality. Run prophet with daily_seasonality=True to override this.
2025-07-11 12:07:55,975 DEBUG input tempfile: C:\Users\hp\AppData\Local\Temp\tmp4y826ta4\4f77p96v.json
2025-07-11 12:07:56,815 DEBUG input tempfile: C:\Users\hp\AppData\Local\Temp\tmp4y826ta4\0qitvn9d.json
2025-07-11 12:07:56,818 DEBUG idx 0
2025-07-11 12:07:56,819 DEBUG running CmdStan, num_threads: None
2025-07-11 12:07:56,819 DEBUG CmdStan args: ['C:\\Users\\hp\\OneDrive\\Desktop\\Sakthi_01\\.venv\\Lib\\site-packages\\prophet\\stan_model\\prophet_model.bin', 'random', 'seed=16547', 'data', 'file=C:\\Users\\hp\\AppData\\Local\\Temp\\tmp4y826ta4\\4f77p96v.json', 'init=C:\\Users\\hp\\AppData\\Local\\Temp\\tmp4y826ta4\\0qitvn9d.json', 'output', 'file=C:\\Users\\hp\\AppData\\Local\\Temp\\tmp4y826ta4\\prophet_modelj9lzq08w\\prophet_model-20250711120756.csv', 'method=optimize', 'algorithm=lbfgs', 'iter=10000']
2025-07-11 12:07:56,819 INFO Chain [1] start processing
2025-07-11 12:07:58,682 INFO Chain [1] done processing
2025-07-11 12:07:58,725 INFO Trained model 'model_d55c2a8c' from CSV with 10000 rows.
2025-07-11 12:18:37,965 DEBUG cmd: where.exe tbb.dll
cwd: None
2025-07-11 12:18:38,104 DEBUG Adding TBB (c:\Users\hp\OneDrive\Desktop\Sakthi_01\.venv\lib\site-packages\prophet\stan_model\cmdstan-2.33.1\stan\lib\stan_math\lib\tbb) to PATH
2025-07-11 12:18:38,126 INFO Disabling daily seasonality. Run prophet with daily_seasonality=True to override this.
2025-07-11 12:18:38,250 DEBUG input tempfile: C:\Users\hp\AppData\Local\Temp\tmp6w9jhni8\d3wotn_9.json
2025-07-11 12:18:39,097 DEBUG input tempfile: C:\Users\hp\AppData\Local\Temp\tmp6w9jhni8\w7g3s6kv.json
2025-07-11 12:18:39,100 DEBUG idx 0
2025-07-11 12:18:39,100 DEBUG running CmdStan, num_threads: None
2025-07-11 12:18:39,100 DEBUG CmdStan args: ['C:\\Users\\hp\\OneDrive\\Desktop\\Sakthi_01\\.venv\\Lib\\site-packages\\prophet\\stan_model\\prophet_model.bin', 'random', 'seed=85103', 'data', 'file=C:\\Users\\hp\\AppData\\Local\\Temp\\tmp6w9jhni8\\d3wotn_9.json', 'init=C:\\Users\\hp\\AppData\\Local\\Temp\\tmp6w9jhni8\\w7g3s6kv.json', 'output', 'file=C:\\Users\\hp\\AppData\\Local\\Temp\\tmp6w9jhni8\\prophet_modelwjfthlgu\\prophet_model-20250711121839.csv', 'method=optimize', 'algorithm=lbfgs', 'iter=10000']
2025-07-11 12:18:39,100 INFO Chain [1] start processing
2025-07-11 12:18:40,243 INFO Chain [1] done processing
2025-07-11 12:18:40,285 INFO Trained model 'model_cee7395b' from CSV with 10000 rows.
2025-07-11 13:33:28,741 DEBUG cmd: where.exe tbb.dll
cwd: None
2025-07-11 13:33:28,887 DEBUG Adding TBB (c:\Users\hp\OneDrive\Desktop\Sakthi_01\.venv\lib\site-packages\prophet\stan_model\cmdstan-2.33.1\stan\lib\stan_math\lib\tbb) to PATH
2025-07-11 13:33:28,907 INFO Disabling daily seasonality. Run prophet with daily_seasonality=True to override this.
2025-07-11 13:33:29,041 DEBUG input tempfile: C:\Users\hp\AppData\Local\Temp\tmpicboxuze\xlbrzinv.json
2025-07-11 13:33:29,989 DEBUG input tempfile: C:\Users\hp\AppData\Local\Temp\tmpicboxuze\bihncktg.json
2025-07-11 13:33:30,008 DEBUG idx 0
2025-07-11 13:33:30,008 DEBUG running CmdStan, num_threads: None
2025-07-11 13:33:30,008 DEBUG CmdStan args: ['C:\\Users\\hp\\OneDrive\\Desktop\\Sakthi_01\\.venv\\Lib\\site-packages\\prophet\\stan_model\\prophet_model.bin', 'random', 'seed=73640', 'data', 'file=C:\\Users\\hp\\AppData\\Local\\Temp\\tmpicboxuze\\xlbrzinv.json', 'init=C:\\Users\\hp\\AppData\\Local\\Temp\\tmpicboxuze\\bihncktg.json', 'output', 'file=C:\\Users\\hp\\AppData\\Local\\Temp\\tmpicboxuze\\prophet_modelewpj81yz\\prophet_model-20250711133330.csv', 'method=optimize', 'algorithm=lbfgs', 'iter=10000']
2025-07-11 13:33:30,009 INFO Chain [1] start processing
2025-07-11 13:33:31,192 INFO Chain [1] done processing
2025-07-11 13:33:31,228 INFO Trained model 'model_a33b0aef' from CSV with 10000 rows.
2025-07-11 13:41:21,789 DEBUG cmd: where.exe tbb.dll
cwd: None
2025-07-11 13:41:21,945 DEBUG Adding TBB (c:\Users\hp\OneDrive\Desktop\Sakthi_01\.venv\lib\site-packages\prophet\stan_model\cmdstan-2.33.1\stan\lib\stan_math\lib\tbb) to PATH
2025-07-11 13:41:21,979 INFO Disabling daily seasonality. Run prophet with daily_seasonality=True to override this.
2025-07-11 13:41:22,128 DEBUG input tempfile: C:\Users\hp\AppData\Local\Temp\tmpz0rgd67l\ctkvwpw2.json
2025-07-11 13:41:22,988 DEBUG input tempfile: C:\Users\hp\AppData\Local\Temp\tmpz0rgd67l\nv5rlwrl.json
2025-07-11 13:41:23,006 DEBUG idx 0
2025-07-11 13:41:23,006 DEBUG running CmdStan, num_threads: None
2025-07-11 13:41:23,006 DEBUG CmdStan args: ['C:\\Users\\hp\\OneDrive\\Desktop\\Sakthi_01\\.venv\\Lib\\site-packages\\prophet\\stan_model\\prophet_model.bin', 'random', 'seed=5747', 'data', 'file=C:\\Users\\hp\\AppData\\Local\\Temp\\tmpz0rgd67l\\ctkvwpw2.json', 'init=C:\\Users\\hp\\AppData\\Local\\Temp\\tmpz0rgd67l\\nv5rlwrl.json', 'output', 'file=C:\\Users\\hp\\AppData\\Local\\Temp\\tmpz0rgd67l\\prophet_model2a4chgnd\\prophet_model-20250711134123.csv', 'method=optimize', 'algorithm=lbfgs', 'iter=10000']
2025-07-11 13:41:23,007 INFO Chain [1] start processing
2025-07-11 13:41:24,079 INFO Chain [1] done processing
2025-07-11 13:41:24,112 INFO Trained model 'model_f3ee5e5a' from CSV with 10000 rows.
2025-07-11 13:44:49,789 DEBUG cmd: where.exe tbb.dll
cwd: None
2025-07-11 13:44:49,941 DEBUG Adding TBB (c:\Users\hp\OneDrive\Desktop\Sakthi_01\.venv\lib\site-packages\prophet\stan_model\cmdstan-2.33.1\stan\lib\stan_math\lib\tbb) to PATH
2025-07-11 13:44:49,965 INFO Disabling daily seasonality. Run prophet with daily_seasonality=True to override this.
2025-07-11 13:44:50,076 DEBUG input tempfile: C:\Users\hp\AppData\Local\Temp\tmp22a9k2cd\c_2ivzmj.json
2025-07-11 13:44:51,016 DEBUG input tempfile: C:\Users\hp\AppData\Local\Temp\tmp22a9k2cd\6lsgn3ra.json
2025-07-11 13:44:51,034 DEBUG idx 0
2025-07-11 13:44:51,035 DEBUG running CmdStan, num_threads: None
2025-07-11 13:44:51,035 DEBUG CmdStan args: ['C:\\Users\\hp\\OneDrive\\Desktop\\Sakthi_01\\.venv\\Lib\\site-packages\\prophet\\stan_model\\prophet_model.bin', 'random', 'seed=90565', 'data', 'file=C:\\Users\\hp\\AppData\\Local\\Temp\\tmp22a9k2cd\\c_2ivzmj.json', 'init=C:\\Users\\hp\\AppData\\Local\\Temp\\tmp22a9k2cd\\6lsgn3ra.json', 'output', 'file=C:\\Users\\hp\\AppData\\Local\\Temp\\tmp22a9k2cd\\prophet_model5imwsx24\\prophet_model-20250711134451.csv', 'method=optimize', 'algorithm=lbfgs', 'iter=10000']
2025-07-11 13:44:51,035 INFO Chain [1] start processing
2025-07-11 13:44:52,223 INFO Chain [1] done processing
2025-07-11 13:44:52,263 INFO Trained model 'model_fc5be033' from CSV with 10000 rows.
2025-07-11 14:06:41,971 DEBUG cmd: where.exe tbb.dll
cwd: None
2025-07-11 14:06:42,158 DEBUG Adding TBB (c:\Users\hp\OneDrive\Desktop\Sakthi_01\.venv\lib\site-packages\prophet\stan_model\cmdstan-2.33.1\stan\lib\stan_math\lib\tbb) to PATH
2025-07-11 14:06:42,282 INFO Disabling daily seasonality. Run prophet with daily_seasonality=True to override this.
2025-07-11 14:06:42,813 DEBUG input tempfile: C:\Users\hp\AppData\Local\Temp\tmp4gvsh4ns\m5k6pb_o.json
2025-07-11 14:06:51,380 DEBUG input tempfile: C:\Users\hp\AppData\Local\Temp\tmp4gvsh4ns\_zhn3siw.json
2025-07-11 14:06:51,398 DEBUG idx 0
2025-07-11 14:06:51,398 DEBUG running CmdStan, num_threads: None
2025-07-11 14:06:51,398 DEBUG CmdStan args: ['C:\\Users\\hp\\OneDrive\\Desktop\\Sakthi_01\\.venv\\Lib\\site-packages\\prophet\\stan_model\\prophet_model.bin', 'random', 'seed=79939', 'data', 'file=C:\\Users\\hp\\AppData\\Local\\Temp\\tmp4gvsh4ns\\m5k6pb_o.json', 'init=C:\\Users\\hp\\AppData\\Local\\Temp\\tmp4gvsh4ns\\_zhn3siw.json', 'output', 'file=C:\\Users\\hp\\AppData\\Local\\Temp\\tmp4gvsh4ns\\prophet_modelbzqhkq67\\prophet_model-20250711140651.csv', 'method=optimize', 'algorithm=lbfgs', 'iter=10000']
2025-07-11 14:06:51,398 INFO Chain [1] start processing
2025-07-11 14:07:05,939 INFO Chain [1] done processing
2025-07-11 14:07:06,274 INFO Trained model 'model_f8800c0d' from CSV with 100000 rows.
2025-07-11 14:10:42,968 DEBUG cmd: where.exe tbb.dll
cwd: None
2025-07-11 14:10:43,104 DEBUG TBB already found in load path
2025-07-11 14:10:43,221 INFO Disabling daily seasonality. Run prophet with daily_seasonality=True to override this.
2025-07-11 14:10:43,574 DEBUG input tempfile: C:\Users\hp\AppData\Local\Temp\tmp4gvsh4ns\srxhndk8.json
2025-07-11 14:10:52,295 DEBUG input tempfile: C:\Users\hp\AppData\Local\Temp\tmp4gvsh4ns\45bafobc.json
2025-07-11 14:10:52,298 DEBUG idx 0
2025-07-11 14:10:52,298 DEBUG running CmdStan, num_threads: None
2025-07-11 14:10:52,298 DEBUG CmdStan args: ['C:\\Users\\hp\\OneDrive\\Desktop\\Sakthi_01\\.venv\\Lib\\site-packages\\prophet\\stan_model\\prophet_model.bin', 'random', 'seed=89111', 'data', 'file=C:\\Users\\hp\\AppData\\Local\\Temp\\tmp4gvsh4ns\\srxhndk8.json', 'init=C:\\Users\\hp\\AppData\\Local\\Temp\\tmp4gvsh4ns\\45bafobc.json', 'output', 'file=C:\\Users\\hp\\AppData\\Local\\Temp\\tmp4gvsh4ns\\prophet_model_hmh1uj0\\prophet_model-20250711141052.csv', 'method=optimize', 'algorithm=lbfgs', 'iter=10000']
2025-07-11 14:10:52,298 INFO Chain [1] start processing
2025-07-11 14:11:06,356 INFO Chain [1] done processing
2025-07-11 14:11:06,626 INFO Trained model 'model_0748a0ed' from CSV with 100000 rows.
